The target system is: Android - 15 - armv7-a
The host system is: Darwin - 16.1.0 - x86_64
Determining if the C compiler works passed with the following output:
Change Dir: /Users/hua/AndroidProjects/JniDemo/app/.externalNativeBuild/cmake/debug/armeabi-v7a/CMakeFiles/CMakeTmp

Run Build Command:"/Users/hua/Library/Android/sdk/cmake/3.6.3155560/bin/ninja" "cmTC_86d37"
[1/2] Building C object CMakeFiles/cmTC_86d37.dir/testCCompiler.c.o
[2/2] Linking C executable cmTC_86d37


Detecting C compiler ABI info compiled with the following output:
Change Dir: /Users/hua/AndroidProjects/JniDemo/app/.externalNativeBuild/cmake/debug/armeabi-v7a/CMakeFiles/CMakeTmp

Run Build Command:"/Users/hua/Library/Android/sdk/cmake/3.6.3155560/bin/ninja" "cmTC_13bc5"
[1/2] Building C object CMakeFiles/cmTC_13bc5.dir/CMakeCCompilerABI.c.o
[2/2] Linking C executable cmTC_13bc5
Android clang version 3.8.275480  (based on LLVM 3.8.275480)
Target: armv7-none-linux-android
Thread model: posix
InstalledDir: /Users/hua/Library/Android/sdk/ndk-bundle/toolchains/llvm/prebuilt/darwin-x86_64/bin
Found candidate GCC installation: /Users/hua/Library/Android/sdk/ndk-bundle/toolchains/arm-linux-androideabi-4.9/prebuilt/darwin-x86_64/lib/gcc/arm-linux-androideabi/4.9.x
Selected GCC installation: /Users/hua/Library/Android/sdk/ndk-bundle/toolchains/arm-linux-androideabi-4.9/prebuilt/darwin-x86_64/lib/gcc/arm-linux-androideabi/4.9.x
Candidate multilib: thumb;@thumb
Candidate multilib: armv7-a;@armv7
Candidate multilib: armv7-a/thumb;@armv7@thumb
Candidate multilib: .;
Selected multilib: armv7-a/thumb;@armv7@thumb
 "/Users/hua/Library/Android/sdk/ndk-bundle/toolchains/arm-linux-androideabi-4.9/prebuilt/darwin-x86_64/lib/gcc/arm-linux-androideabi/4.9.x/../../../../arm-linux-androideabi/bin/ld" --sysroot=/Users/hua/Library/Android/sdk/ndk-bundle/platforms/android-15/arch-arm -X --eh-frame-hdr -m armelf_linux_eabi -dynamic-linker /system/bin/linker -o cmTC_13bc5 /Users/hua/Library/Android/sdk/ndk-bundle/platforms/android-15/arch-arm/usr/lib/../lib/crtbegin_dynamic.o -L/Users/hua/Library/Android/sdk/ndk-bundle/toolchains/arm-linux-androideabi-4.9/prebuilt/darwin-x86_64/lib/gcc/arm-linux-androideabi/4.9.x/armv7-a/thumb -L/Users/hua/Library/Android/sdk/ndk-bundle/toolchains/arm-linux-androideabi-4.9/prebuilt/darwin-x86_64/lib/gcc/arm-linux-androideabi/4.9.x/../../../../arm-linux-androideabi/lib/../lib/armv7-a/thumb -L/Users/hua/Library/Android/sdk/ndk-bundle/platforms/android-15/arch-arm/usr/lib/../lib -L/Users/hua/Library/Android/sdk/ndk-bundle/toolchains/arm-linux-androideabi-4.9/prebuilt/darwin-x86_64/lib/gcc/arm-linux-androideabi/4.9.x/../../../../arm-linux-androideabi/lib/armv7-a/thumb -L/Users/hua/Library/Android/sdk/ndk-bundle/platforms/android-15/arch-arm/usr/lib --build-id --warn-shared-textrel --fatal-warnings --fix-cortex-a8 --no-undefined -z noexecstack -z relro -z now --gc-sections -z nocopyreloc --build-id --warn-shared-textrel --fatal-warnings --fix-cortex-a8 --no-undefined -z noexecstack -z relro -z now --gc-sections -z nocopyreloc CMakeFiles/cmTC_13bc5.dir/CMakeCCompilerABI.c.o -lgcc -ldl -lc -lgcc -ldl /Users/hua/Library/Android/sdk/ndk-bundle/platforms/android-15/arch-arm/usr/lib/../lib/crtend_android.o


Parsed C implicit link information from above output:
  link line regex: [^( *|.*[/\])(arm-linux-androideabi-ld|([^/\]+-)?ld|collect2)[^/\]*( |$)]
  ignore line: [Change Dir: /Users/hua/AndroidProjects/JniDemo/app/.externalNativeBuild/cmake/debug/armeabi-v7a/CMakeFiles/CMakeTmp]
  ignore line: []
  ignore line: [Run Build Command:"/Users/hua/Library/Android/sdk/cmake/3.6.3155560/bin/ninja" "cmTC_13bc5"]
  ignore line: [[1/2] Building C object CMakeFiles/cmTC_13bc5.dir/CMakeCCompilerABI.c.o]
  ignore line: [[2/2] Linking C executable cmTC_13bc5]
  ignore line: [Android clang version 3.8.275480  (based on LLVM 3.8.275480)]
  ignore line: [Target: armv7-none-linux-android]
  ignore line: [Thread model: posix]
  ignore line: [InstalledDir: /Users/hua/Library/Android/sdk/ndk-bundle/toolchains/llvm/prebuilt/darwin-x86_64/bin]
  ignore line: [Found candidate GCC installation: /Users/hua/Library/Android/sdk/ndk-bundle/toolchains/arm-linux-androideabi-4.9/prebuilt/darwin-x86_64/lib/gcc/arm-linux-androideabi/4.9.x]
  ignore line: [Selected GCC installation: /Users/hua/Library/Android/sdk/ndk-bundle/toolchains/arm-linux-androideabi-4.9/prebuilt/darwin-x86_64/lib/gcc/arm-linux-androideabi/4.9.x]
  ignore line: [Candidate multilib: thumb]
  ignore line: [@thumb]
  ignore line: [Candidate multilib: armv7-a]
  ignore line: [@armv7]
  ignore line: [Candidate multilib: armv7-a/thumb]
  ignore line: [@armv7@thumb]
  ignore line: [Candidate multilib: .]
  ignore line: []
  ignore line: [Selected multilib: armv7-a/thumb]
  ignore line: [@armv7@thumb]
  link line: [ "/Users/hua/Library/Android/sdk/ndk-bundle/toolchains/arm-linux-androideabi-4.9/prebuilt/darwin-x86_64/lib/gcc/arm-linux-androideabi/4.9.x/../../../../arm-linux-androideabi/bin/ld" --sysroot=/Users/hua/Library/Android/sdk/ndk-bundle/platforms/android-15/arch-arm -X --eh-frame-hdr -m armelf_linux_eabi -dynamic-linker /system/bin/linker -o cmTC_13bc5 /Users/hua/Library/Android/sdk/ndk-bundle/platforms/android-15/arch-arm/usr/lib/../lib/crtbegin_dynamic.o -L/Users/hua/Library/Android/sdk/ndk-bundle/toolchains/arm-linux-androideabi-4.9/prebuilt/darwin-x86_64/lib/gcc/arm-linux-androideabi/4.9.x/armv7-a/thumb -L/Users/hua/Library/Android/sdk/ndk-bundle/toolchains/arm-linux-androideabi-4.9/prebuilt/darwin-x86_64/lib/gcc/arm-linux-androideabi/4.9.x/../../../../arm-linux-androideabi/lib/../lib/armv7-a/thumb -L/Users/hua/Library/Android/sdk/ndk-bundle/platforms/android-15/arch-arm/usr/lib/../lib -L/Users/hua/Library/Android/sdk/ndk-bundle/toolchains/arm-linux-androideabi-4.9/prebuilt/darwin-x86_64/lib/gcc/arm-linux-androideabi/4.9.x/../../../../arm-linux-androideabi/lib/armv7-a/thumb -L/Users/hua/Library/Android/sdk/ndk-bundle/platforms/android-15/arch-arm/usr/lib --build-id --warn-shared-textrel --fatal-warnings --fix-cortex-a8 --no-undefined -z noexecstack -z relro -z now --gc-sections -z nocopyreloc --build-id --warn-shared-textrel --fatal-warnings --fix-cortex-a8 --no-undefined -z noexecstack -z relro -z now --gc-sections -z nocopyreloc CMakeFiles/cmTC_13bc5.dir/CMakeCCompilerABI.c.o -lgcc -ldl -lc -lgcc -ldl /Users/hua/Library/Android/sdk/ndk-bundle/platforms/android-15/arch-arm/usr/lib/../lib/crtend_android.o]
    arg [/Users/hua/Library/Android/sdk/ndk-bundle/toolchains/arm-linux-androideabi-4.9/prebuilt/darwin-x86_64/lib/gcc/arm-linux-androideabi/4.9.x/../../../../arm-linux-androideabi/bin/ld] ==> ignore
    arg [--sysroot=/Users/hua/Library/Android/sdk/ndk-bundle/platforms/android-15/arch-arm] ==> ignore
    arg [-X] ==> ignore
    arg [--eh-frame-hdr] ==> ignore
    arg [-m] ==> ignore
    arg [armelf_linux_eabi] ==> ignore
    arg [-dynamic-linker] ==> ignore
    arg [/system/bin/linker] ==> ignore
    arg [-o] ==> ignore
    arg [cmTC_13bc5] ==> ignore
    arg [/Users/hua/Library/Android/sdk/ndk-bundle/platforms/android-15/arch-arm/usr/lib/../lib/crtbegin_dynamic.o] ==> ignore
    arg [-L/Users/hua/Library/Android/sdk/ndk-bundle/toolchains/arm-linux-androideabi-4.9/prebuilt/darwin-x86_64/lib/gcc/arm-linux-androideabi/4.9.x/armv7-a/thumb] ==> dir [/Users/hua/Library/Android/sdk/ndk-bundle/toolchains/arm-linux-androideabi-4.9/prebuilt/darwin-x86_64/lib/gcc/arm-linux-androideabi/4.9.x/armv7-a/thumb]
    arg [-L/Users/hua/Library/Android/sdk/ndk-bundle/toolchains/arm-linux-androideabi-4.9/prebuilt/darwin-x86_64/lib/gcc/arm-linux-androideabi/4.9.x/../../../../arm-linux-androideabi/lib/../lib/armv7-a/thumb] ==> dir [/Users/hua/Library/Android/sdk/ndk-bundle/toolchains/arm-linux-androideabi-4.9/prebuilt/darwin-x86_64/lib/gcc/arm-linux-androideabi/4.9.x/../../../../arm-linux-androideabi/lib/../lib/armv7-a/thumb]
    arg [-L/Users/hua/Library/Android/sdk/ndk-bundle/platforms/android-15/arch-arm/usr/lib/../lib] ==> dir [/Users/hua/Library/Android/sdk/ndk-bundle/platforms/android-15/arch-arm/usr/lib/../lib]
    arg [-L/Users/hua/Library/Android/sdk/ndk-bundle/toolchains/arm-linux-androideabi-4.9/prebuilt/darwin-x86_64/lib/gcc/arm-linux-androideabi/4.9.x/../../../../arm-linux-androideabi/lib/armv7-a/thumb] ==> dir [/Users/hua/Library/Android/sdk/ndk-bundle/toolchains/arm-linux-androideabi-4.9/prebuilt/darwin-x86_64/lib/gcc/arm-linux-androideabi/4.9.x/../../../../arm-linux-androideabi/lib/armv7-a/thumb]
    arg [-L/Users/hua/Library/Android/sdk/ndk-bundle/platforms/android-15/arch-arm/usr/lib] ==> dir [/Users/hua/Library/Android/sdk/ndk-bundle/platforms/android-15/arch-arm/usr/lib]
    arg [--build-id] ==> ignore
    arg [--warn-shared-textrel] ==> ignore
    arg [--fatal-warnings] ==> ignore
    arg [--fix-cortex-a8] ==> ignore
    arg [--no-undefined] ==> ignore
    arg [-znoexecstack] ==> ignore
    arg [-zrelro] ==> ignore
    arg [-znow] ==> ignore
    arg [--gc-sections] ==> ignore
    arg [-znocopyreloc] ==> ignore
    arg [--build-id] ==> ignore
    arg [--warn-shared-textrel] ==> ignore
    arg [--fatal-warnings] ==> ignore
    arg [--fix-cortex-a8] ==> ignore
    arg [--no-undefined] ==> ignore
    arg [-znoexecstack] ==> ignore
    arg [-zrelro] ==> ignore
    arg [-znow] ==> ignore
    arg [--gc-sections] ==> ignore
    arg [-znocopyreloc] ==> ignore
    arg [CMakeFiles/cmTC_13bc5.dir/CMakeCCompilerABI.c.o] ==> ignore
    arg [-lgcc] ==> lib [gcc]
    arg [-ldl] ==> lib [dl]
    arg [-lc] ==> lib [c]
    arg [-lgcc] ==> lib [gcc]
    arg [-ldl] ==> lib [dl]
    arg [/Users/hua/Library/Android/sdk/ndk-bundle/platforms/android-15/arch-arm/usr/lib/../lib/crtend_android.o] ==> ignore
  remove lib [gcc]
  remove lib [gcc]
  collapse library dir [/Users/hua/Library/Android/sdk/ndk-bundle/toolchains/arm-linux-androideabi-4.9/prebuilt/darwin-x86_64/lib/gcc/arm-linux-androideabi/4.9.x/armv7-a/thumb] ==> [/Users/hua/Library/Android/sdk/ndk-bundle/toolchains/arm-linux-androideabi-4.9/prebuilt/darwin-x86_64/lib/gcc/arm-linux-androideabi/4.9.x/armv7-a/thumb]
  collapse library dir [/Users/hua/Library/Android/sdk/ndk-bundle/toolchains/arm-linux-androideabi-4.9/prebuilt/darwin-x86_64/lib/gcc/arm-linux-androideabi/4.9.x/../../../../arm-linux-androideabi/lib/../lib/armv7-a/thumb] ==> [/Users/hua/Library/Android/sdk/ndk-bundle/toolchains/arm-linux-androideabi-4.9/prebuilt/darwin-x86_64/arm-linux-androideabi/lib/armv7-a/thumb]
  collapse library dir [/Users/hua/Library/Android/sdk/ndk-bundle/platforms/android-15/arch-arm/usr/lib/../lib] ==> [/Users/hua/Library/Android/sdk/ndk-bundle/platforms/android-15/arch-arm/usr/lib]
  collapse library dir [/Users/hua/Library/Android/sdk/ndk-bundle/toolchains/arm-linux-androideabi-4.9/prebuilt/darwin-x86_64/lib/gcc/arm-linux-androideabi/4.9.x/../../../../arm-linux-androideabi/lib/armv7-a/thumb] ==> [/Users/hua/Library/Android/sdk/ndk-bundle/toolchains/arm-linux-androideabi-4.9/prebuilt/darwin-x86_64/arm-linux-androideabi/lib/armv7-a/thumb]
  collapse library dir [/Users/hua/Library/Android/sdk/ndk-bundle/platforms/android-15/arch-arm/usr/lib] ==> [/Users/hua/Library/Android/sdk/ndk-bundle/platforms/android-15/arch-arm/usr/lib]
  implicit libs: [dl;c;dl]
  implicit dirs: [/Users/hua/Library/Android/sdk/ndk-bundle/toolchains/arm-linux-androideabi-4.9/prebuilt/darwin-x86_64/lib/gcc/arm-linux-androideabi/4.9.x/armv7-a/thumb;/Users/hua/Library/Android/sdk/ndk-bundle/toolchains/arm-linux-androideabi-4.9/prebuilt/darwin-x86_64/arm-linux-androideabi/lib/armv7-a/thumb;/Users/hua/Library/Android/sdk/ndk-bundle/platforms/android-15/arch-arm/usr/lib]
  implicit fwks: []


Determining if the CXX compiler works passed with the following output:
Change Dir: /Users/hua/AndroidProjects/JniDemo/app/.externalNativeBuild/cmake/debug/armeabi-v7a/CMakeFiles/CMakeTmp

Run Build Command:"/Users/hua/Library/Android/sdk/cmake/3.6.3155560/bin/ninja" "cmTC_e1073"
[1/2] Building CXX object CMakeFiles/cmTC_e1073.dir/testCXXCompiler.cxx.o
[2/2] Linking CXX executable cmTC_e1073


Detecting CXX compiler ABI info compiled with the following output:
Change Dir: /Users/hua/AndroidProjects/JniDemo/app/.externalNativeBuild/cmake/debug/armeabi-v7a/CMakeFiles/CMakeTmp

Run Build Command:"/Users/hua/Library/Android/sdk/cmake/3.6.3155560/bin/ninja" "cmTC_3c676"
[1/2] Building CXX object CMakeFiles/cmTC_3c676.dir/CMakeCXXCompilerABI.cpp.o
[2/2] Linking CXX executable cmTC_3c676
Android clang version 3.8.275480  (based on LLVM 3.8.275480)
Target: armv7-none-linux-android
Thread model: posix
InstalledDir: /Users/hua/Library/Android/sdk/ndk-bundle/toolchains/llvm/prebuilt/darwin-x86_64/bin
Found candidate GCC installation: /Users/hua/Library/Android/sdk/ndk-bundle/toolchains/arm-linux-androideabi-4.9/prebuilt/darwin-x86_64/lib/gcc/arm-linux-androideabi/4.9.x
Selected GCC installation: /Users/hua/Library/Android/sdk/ndk-bundle/toolchains/arm-linux-androideabi-4.9/prebuilt/darwin-x86_64/lib/gcc/arm-linux-androideabi/4.9.x
Candidate multilib: thumb;@thumb
Candidate multilib: armv7-a;@armv7
Candidate multilib: armv7-a/thumb;@armv7@thumb
Candidate multilib: .;
Selected multilib: armv7-a/thumb;@armv7@thumb
 "/Users/hua/Library/Android/sdk/ndk-bundle/toolchains/arm-linux-androideabi-4.9/prebuilt/darwin-x86_64/lib/gcc/arm-linux-androideabi/4.9.x/../../../../arm-linux-androideabi/bin/ld" --sysroot=/Users/hua/Library/Android/sdk/ndk-bundle/platforms/android-15/arch-arm -X --eh-frame-hdr -m armelf_linux_eabi -dynamic-linker /system/bin/linker -o cmTC_3c676 /Users/hua/Library/Android/sdk/ndk-bundle/platforms/android-15/arch-arm/usr/lib/../lib/crtbegin_dynamic.o -L/Users/hua/Library/Android/sdk/ndk-bundle/toolchains/arm-linux-androideabi-4.9/prebuilt/darwin-x86_64/lib/gcc/arm-linux-androideabi/4.9.x/armv7-a/thumb -L/Users/hua/Library/Android/sdk/ndk-bundle/toolchains/arm-linux-androideabi-4.9/prebuilt/darwin-x86_64/lib/gcc/arm-linux-androideabi/4.9.x/../../../../arm-linux-androideabi/lib/../lib/armv7-a/thumb -L/Users/hua/Library/Android/sdk/ndk-bundle/platforms/android-15/arch-arm/usr/lib/../lib -L/Users/hua/Library/Android/sdk/ndk-bundle/toolchains/arm-linux-androideabi-4.9/prebuilt/darwin-x86_64/lib/gcc/arm-linux-androideabi/4.9.x/../../../../arm-linux-androideabi/lib/armv7-a/thumb -L/Users/hua/Library/Android/sdk/ndk-bundle/platforms/android-15/arch-arm/usr/lib --build-id --warn-shared-textrel --fatal-warnings --fix-cortex-a8 --no-undefined -z noexecstack -z relro -z now --gc-sections -z nocopyreloc --build-id --warn-shared-textrel --fatal-warnings --fix-cortex-a8 --no-undefined -z noexecstack -z relro -z now --gc-sections -z nocopyreloc CMakeFiles/cmTC_3c676.dir/CMakeCXXCompilerABI.cpp.o -lstdc++ -lm -lgcc -lgcc -ldl -lc -lgcc -lgcc -ldl /Users/hua/Library/Android/sdk/ndk-bundle/platforms/android-15/arch-arm/usr/lib/../lib/crtend_android.o


Parsed CXX implicit link information from above output:
  link line regex: [^( *|.*[/\])(arm-linux-androideabi-ld|([^/\]+-)?ld|collect2)[^/\]*( |$)]
  ignore line: [Change Dir: /Users/hua/AndroidProjects/JniDemo/app/.externalNativeBuild/cmake/debug/armeabi-v7a/CMakeFiles/CMakeTmp]
  ignore line: []
  ignore line: [Run Build Command:"/Users/hua/Library/Android/sdk/cmake/3.6.3155560/bin/ninja" "cmTC_3c676"]
  ignore line: [[1/2] Building CXX object CMakeFiles/cmTC_3c676.dir/CMakeCXXCompilerABI.cpp.o]
  ignore line: [[2/2] Linking CXX executable cmTC_3c676]
  ignore line: [Android clang version 3.8.275480  (based on LLVM 3.8.275480)]
  ignore line: [Target: armv7-none-linux-android]
  ignore line: [Thread model: posix]
  ignore line: [InstalledDir: /Users/hua/Library/Android/sdk/ndk-bundle/toolchains/llvm/prebuilt/darwin-x86_64/bin]
  ignore line: [Found candidate GCC installation: /Users/hua/Library/Android/sdk/ndk-bundle/toolchains/arm-linux-androideabi-4.9/prebuilt/darwin-x86_64/lib/gcc/arm-linux-androideabi/4.9.x]
  ignore line: [Selected GCC installation: /Users/hua/Library/Android/sdk/ndk-bundle/toolchains/arm-linux-androideabi-4.9/prebuilt/darwin-x86_64/lib/gcc/arm-linux-androideabi/4.9.x]
  ignore line: [Candidate multilib: thumb]
  ignore line: [@thumb]
  ignore line: [Candidate multilib: armv7-a]
  ignore line: [@armv7]
  ignore line: [Candidate multilib: armv7-a/thumb]
  ignore line: [@armv7@thumb]
  ignore line: [Candidate multilib: .]
  ignore line: []
  ignore line: [Selected multilib: armv7-a/thumb]
  ignore line: [@armv7@thumb]
  link line: [ "/Users/hua/Library/Android/sdk/ndk-bundle/toolchains/arm-linux-androideabi-4.9/prebuilt/darwin-x86_64/lib/gcc/arm-linux-androideabi/4.9.x/../../../../arm-linux-androideabi/bin/ld" --sysroot=/Users/hua/Library/Android/sdk/ndk-bundle/platforms/android-15/arch-arm -X --eh-frame-hdr -m armelf_linux_eabi -dynamic-linker /system/bin/linker -o cmTC_3c676 /Users/hua/Library/Android/sdk/ndk-bundle/platforms/android-15/arch-arm/usr/lib/../lib/crtbegin_dynamic.o -L/Users/hua/Library/Android/sdk/ndk-bundle/toolchains/arm-linux-androideabi-4.9/prebuilt/darwin-x86_64/lib/gcc/arm-linux-androideabi/4.9.x/armv7-a/thumb -L/Users/hua/Library/Android/sdk/ndk-bundle/toolchains/arm-linux-androideabi-4.9/prebuilt/darwin-x86_64/lib/gcc/arm-linux-androideabi/4.9.x/../../../../arm-linux-androideabi/lib/../lib/armv7-a/thumb -L/Users/hua/Library/Android/sdk/ndk-bundle/platforms/android-15/arch-arm/usr/lib/../lib -L/Users/hua/Library/Android/sdk/ndk-bundle/toolchains/arm-linux-androideabi-4.9/prebuilt/darwin-x86_64/lib/gcc/arm-linux-androideabi/4.9.x/../../../../arm-linux-androideabi/lib/armv7-a/thumb -L/Users/hua/Library/Android/sdk/ndk-bundle/platforms/android-15/arch-arm/usr/lib --build-id --warn-shared-textrel --fatal-warnings --fix-cortex-a8 --no-undefined -z noexecstack -z relro -z now --gc-sections -z nocopyreloc --build-id --warn-shared-textrel --fatal-warnings --fix-cortex-a8 --no-undefined -z noexecstack -z relro -z now --gc-sections -z nocopyreloc CMakeFiles/cmTC_3c676.dir/CMakeCXXCompilerABI.cpp.o -lstdc++ -lm -lgcc -lgcc -ldl -lc -lgcc -lgcc -ldl /Users/hua/Library/Android/sdk/ndk-bundle/platforms/android-15/arch-arm/usr/lib/../lib/crtend_android.o]
    arg [/Users/hua/Library/Android/sdk/ndk-bundle/toolchains/arm-linux-androideabi-4.9/prebuilt/darwin-x86_64/lib/gcc/arm-linux-androideabi/4.9.x/../../../../arm-linux-androideabi/bin/ld] ==> ignore
    arg [--sysroot=/Users/hua/Library/Android/sdk/ndk-bundle/platforms/android-15/arch-arm] ==> ignore
    arg [-X] ==> ignore
    arg [--eh-frame-hdr] ==> ignore
    arg [-m] ==> ignore
    arg [armelf_linux_eabi] ==> ignore
    arg [-dynamic-linker] ==> ignore
    arg [/system/bin/linker] ==> ignore
    arg [-o] ==> ignore
    arg [cmTC_3c676] ==> ignore
    arg [/Users/hua/Library/Android/sdk/ndk-bundle/platforms/android-15/arch-arm/usr/lib/../lib/crtbegin_dynamic.o] ==> ignore
    arg [-L/Users/hua/Library/Android/sdk/ndk-bundle/toolchains/arm-linux-androideabi-4.9/prebuilt/darwin-x86_64/lib/gcc/arm-linux-androideabi/4.9.x/armv7-a/thumb] ==> dir [/Users/hua/Library/Android/sdk/ndk-bundle/toolchains/arm-linux-androideabi-4.9/prebuilt/darwin-x86_64/lib/gcc/arm-linux-androideabi/4.9.x/armv7-a/thumb]
    arg [-L/Users/hua/Library/Android/sdk/ndk-bundle/toolchains/arm-linux-androideabi-4.9/prebuilt/darwin-x86_64/lib/gcc/arm-linux-androideabi/4.9.x/../../../../arm-linux-androideabi/lib/../lib/armv7-a/thumb] ==> dir [/Users/hua/Library/Android/sdk/ndk-bundle/toolchains/arm-linux-androideabi-4.9/prebuilt/darwin-x86_64/lib/gcc/arm-linux-androideabi/4.9.x/../../../../arm-linux-androideabi/lib/../lib/armv7-a/thumb]
    arg [-L/Users/hua/Library/Android/sdk/ndk-bundle/platforms/android-15/arch-arm/usr/lib/../lib] ==> dir [/Users/hua/Library/Android/sdk/ndk-bundle/platforms/android-15/arch-arm/usr/lib/../lib]
    arg [-L/Users/hua/Library/Android/sdk/ndk-bundle/toolchains/arm-linux-androideabi-4.9/prebuilt/darwin-x86_64/lib/gcc/arm-linux-androideabi/4.9.x/../../../../arm-linux-androideabi/lib/armv7-a/thumb] ==> dir [/Users/hua/Library/Android/sdk/ndk-bundle/toolchains/arm-linux-androideabi-4.9/prebuilt/darwin-x86_64/lib/gcc/arm-linux-androideabi/4.9.x/../../../../arm-linux-androideabi/lib/armv7-a/thumb]
    arg [-L/Users/hua/Library/Android/sdk/ndk-bundle/platforms/android-15/arch-arm/usr/lib] ==> dir [/Users/hua/Library/Android/sdk/ndk-bundle/platforms/android-15/arch-arm/usr/lib]
    arg [--build-id] ==> ignore
    arg [--warn-shared-textrel] ==> ignore
    arg [--fatal-warnings] ==> ignore
    arg [--fix-cortex-a8] ==> ignore
    arg [--no-undefined] ==> ignore
    arg [-znoexecstack] ==> ignore
    arg [-zrelro] ==> ignore
    arg [-znow] ==> ignore
    arg [--gc-sections] ==> ignore
    arg [-znocopyreloc] ==> ignore
    arg [--build-id] ==> ignore
    arg [--warn-shared-textrel] ==> ignore
    arg [--fatal-warnings] ==> ignore
    arg [--fix-cortex-a8] ==> ignore
    arg [--no-undefined] ==> ignore
    arg [-znoexecstack] ==> ignore
    arg [-zrelro] ==> ignore
    arg [-znow] ==> ignore
    arg [--gc-sections] ==> ignore
    arg [-znocopyreloc] ==> ignore
    arg [CMakeFiles/cmTC_3c676.dir/CMakeCXXCompilerABI.cpp.o] ==> ignore
    arg [-lstdc++] ==> lib [stdc++]
    arg [-lm] ==> lib [m]
    arg [-lgcc] ==> lib [gcc]
    arg [-lgcc] ==> lib [gcc]
    arg [-ldl] ==> lib [dl]
    arg [-lc] ==> lib [c]
    arg [-lgcc] ==> lib [gcc]
    arg [-lgcc] ==> lib [gcc]
    arg [-ldl] ==> lib [dl]
    arg [/Users/hua/Library/Android/sdk/ndk-bundle/platforms/android-15/arch-arm/usr/lib/../lib/crtend_android.o] ==> ignore
  remove lib [gcc]
  remove lib [gcc]
  remove lib [gcc]
  remove lib [gcc]
  collapse library dir [/Users/hua/Library/Android/sdk/ndk-bundle/toolchains/arm-linux-androideabi-4.9/prebuilt/darwin-x86_64/lib/gcc/arm-linux-androideabi/4.9.x/armv7-a/thumb] ==> [/Users/hua/Library/Android/sdk/ndk-bundle/toolchains/arm-linux-androideabi-4.9/prebuilt/darwin-x86_64/lib/gcc/arm-linux-androideabi/4.9.x/armv7-a/thumb]
  collapse library dir [/Users/hua/Library/Android/sdk/ndk-bundle/toolchains/arm-linux-androideabi-4.9/prebuilt/darwin-x86_64/lib/gcc/arm-linux-androideabi/4.9.x/../../../../arm-linux-androideabi/lib/../lib/armv7-a/thumb] ==> [/Users/hua/Library/Android/sdk/ndk-bundle/toolchains/arm-linux-androideabi-4.9/prebuilt/darwin-x86_64/arm-linux-androideabi/lib/armv7-a/thumb]
  collapse library dir [/Users/hua/Library/Android/sdk/ndk-bundle/platforms/android-15/arch-arm/usr/lib/../lib] ==> [/Users/hua/Library/Android/sdk/ndk-bundle/platforms/android-15/arch-arm/usr/lib]
  collapse library dir [/Users/hua/Library/Android/sdk/ndk-bundle/toolchains/arm-linux-androideabi-4.9/prebuilt/darwin-x86_64/lib/gcc/arm-linux-androideabi/4.9.x/../../../../arm-linux-androideabi/lib/armv7-a/thumb] ==> [/Users/hua/Library/Android/sdk/ndk-bundle/toolchains/arm-linux-androideabi-4.9/prebuilt/darwin-x86_64/arm-linux-androideabi/lib/armv7-a/thumb]
  collapse library dir [/Users/hua/Library/Android/sdk/ndk-bundle/platforms/android-15/arch-arm/usr/lib] ==> [/Users/hua/Library/Android/sdk/ndk-bundle/platforms/android-15/arch-arm/usr/lib]
  implicit libs: [stdc++;m;dl;c;dl]
  implicit dirs: [/Users/hua/Library/Android/sdk/ndk-bundle/toolchains/arm-linux-androideabi-4.9/prebuilt/darwin-x86_64/lib/gcc/arm-linux-androideabi/4.9.x/armv7-a/thumb;/Users/hua/Library/Android/sdk/ndk-bundle/toolchains/arm-linux-androideabi-4.9/prebuilt/darwin-x86_64/arm-linux-androideabi/lib/armv7-a/thumb;/Users/hua/Library/Android/sdk/ndk-bundle/platforms/android-15/arch-arm/usr/lib]
  implicit fwks: []


